{"C:\\Microverse\\webpack-todo\\src\\remove_todo.js": {"path":"C:\\Microverse\\webpack-todo\\src\\remove_todo.js","statementMap":{"0":{"start":{"line":3,"column":2},"end":{"line":3,"column":62}},"1":{"start":{"line":7,"column":0},"end":{"line":7,"column":31}}},"fnMap":{"0":{"name":"removeTheList","decl":{"start":{"line":2,"column":9},"end":{"line":2,"column":22}},"loc":{"start":{"line":2,"column":30},"end":{"line":5,"column":1}},"line":2}},"branchMap":{},"s":{"0":1,"1":1},"f":{"0":1},"b":{},"_coverageSchema":"1a1c01bbd47fc00a2c39e90264f33305004495a9","hash":"c5e3e423e0a23c6035127adea857fdd588e412ed"}
}
