{"C:\\Microverse\\webpack-todo\\src\\add_todo.js": {"path":"C:\\Microverse\\webpack-todo\\src\\add_todo.js","statementMap":{"0":{"start":{"line":3,"column":2},"end":{"line":3,"column":62}},"1":{"start":{"line":6,"column":0},"end":{"line":6,"column":25}}},"fnMap":{"0":{"name":"addTodo","decl":{"start":{"line":2,"column":9},"end":{"line":2,"column":16}},"loc":{"start":{"line":2,"column":24},"end":{"line":4,"column":1}},"line":2}},"branchMap":{},"s":{"0":1,"1":1},"f":{"0":1},"b":{},"_coverageSchema":"1a1c01bbd47fc00a2c39e90264f33305004495a9","hash":"e6b90be185561ba908cb7ad41408ce3d7cd086c3"}
,"C:\\Microverse\\webpack-todo\\src\\remove_todo.js": {"path":"C:\\Microverse\\webpack-todo\\src\\remove_todo.js","statementMap":{"0":{"start":{"line":3,"column":2},"end":{"line":3,"column":62}},"1":{"start":{"line":6,"column":0},"end":{"line":6,"column":31}}},"fnMap":{"0":{"name":"removeTheList","decl":{"start":{"line":2,"column":9},"end":{"line":2,"column":22}},"loc":{"start":{"line":2,"column":30},"end":{"line":4,"column":1}},"line":2}},"branchMap":{},"s":{"0":1,"1":1},"f":{"0":1},"b":{},"_coverageSchema":"1a1c01bbd47fc00a2c39e90264f33305004495a9","hash":"0398be2241f6ca16191b19d410d7995273349b6b"}
}
